[ 2017-12-26T16:25:45+08:00 ] ::1 ::1 GET /
[ log ] localhost:8009/ [运行时间：0.030002s][吞吐率：33.33req/s] [内存消耗：1,573.08kb] [文件加载：47]
[ info ] [ LANG ] D:\Program Files\xampp\htdocs\thinkphp\lang\zh-cn.php
[ info ] [ BIND ] 'index'
[ info ] [ ROUTE ] array (
  'type' => 'module',
  'module' => 
  array (
    0 => 'index',
    1 => NULL,
    2 => NULL,
  ),
)
[ info ] [ HEADER ] array (
  'host' => 'localhost:8009',
  'connection' => 'keep-alive',
  'upgrade-insecure-requests' => '1',
  'user-agent' => 'Mozilla/5.0 (Windows NT 6.1; Win64; x64) AppleWebKit/537.36 (KHTML, like Gecko) Chrome/58.0.3029.110 Safari/537.36',
  'accept' => 'text/html,application/xhtml+xml,application/xml;q=0.9,image/webp,*/*;q=0.8',
  'accept-encoding' => 'gzip, deflate, sdch, br',
  'accept-language' => 'zh-CN,zh;q=0.8',
  'cookie' => 'optimizelyEndUserId=oeu1507513160103r0.4808130522693055; _ga=GA1.1.694123328.1505874937',
)
[ info ] [ PARAM ] array (
)
[ info ] [ RUN ] app\index\controller\Error->_empty[ D:\Program Files\xampp\htdocs\application\index\controller\Error.php ]
[ info ] [ LOG ] INIT File

---------------------------------------------------------------
[ 2017-12-26T16:26:07+08:00 ] ::1 ::1 GET /
[ log ] localhost:8009/ [运行时间：0.032002s][吞吐率：31.25req/s] [内存消耗：1,573.26kb] [文件加载：47]
[ info ] [ LANG ] D:\Program Files\xampp\htdocs\thinkphp\lang\zh-cn.php
[ info ] [ BIND ] 'index'
[ info ] [ ROUTE ] array (
  'type' => 'module',
  'module' => 
  array (
    0 => 'index',
    1 => NULL,
    2 => NULL,
  ),
)
[ info ] [ HEADER ] array (
  'host' => 'localhost:8009',
  'connection' => 'keep-alive',
  'cache-control' => 'max-age=0',
  'upgrade-insecure-requests' => '1',
  'user-agent' => 'Mozilla/5.0 (Windows NT 6.1; Win64; x64) AppleWebKit/537.36 (KHTML, like Gecko) Chrome/58.0.3029.110 Safari/537.36',
  'accept' => 'text/html,application/xhtml+xml,application/xml;q=0.9,image/webp,*/*;q=0.8',
  'accept-encoding' => 'gzip, deflate, sdch, br',
  'accept-language' => 'zh-CN,zh;q=0.8',
  'cookie' => 'optimizelyEndUserId=oeu1507513160103r0.4808130522693055; _ga=GA1.1.694123328.1505874937',
)
[ info ] [ PARAM ] array (
)
[ info ] [ RUN ] app\index\controller\Error->_empty[ D:\Program Files\xampp\htdocs\application\index\controller\Error.php ]
[ info ] [ LOG ] INIT File

---------------------------------------------------------------
[ 2017-12-26T16:27:48+08:00 ] ::1 ::1 GET /game.php
[ log ] localhost:8009/game.php [运行时间：0.035002s][吞吐率：28.57req/s] [内存消耗：1,945.41kb] [文件加载：57]
[ info ] [ LANG ] D:\Program Files\xampp\htdocs\thinkphp\lang\zh-cn.php
[ info ] [ BIND ] 'game'
[ info ] [ ROUTE ] array (
  'type' => 'module',
  'module' => 
  array (
    0 => 'game',
    1 => NULL,
    2 => NULL,
  ),
)
[ info ] [ HEADER ] array (
  'host' => 'localhost:8009',
  'connection' => 'keep-alive',
  'upgrade-insecure-requests' => '1',
  'user-agent' => 'Mozilla/5.0 (Windows NT 6.1; Win64; x64) AppleWebKit/537.36 (KHTML, like Gecko) Chrome/58.0.3029.110 Safari/537.36',
  'accept' => 'text/html,application/xhtml+xml,application/xml;q=0.9,image/webp,*/*;q=0.8',
  'accept-encoding' => 'gzip, deflate, sdch, br',
  'accept-language' => 'zh-CN,zh;q=0.8',
  'cookie' => 'optimizelyEndUserId=oeu1507513160103r0.4808130522693055; _ga=GA1.1.694123328.1505874937',
)
[ info ] [ PARAM ] array (
)
[ info ] [ SESSION ] INIT array (
  'id' => '',
  'var_session_id' => '',
  'prefix' => 'think',
  'type' => '',
  'auto_start' => true,
)
[ info ] [ LOG ] INIT File

---------------------------------------------------------------
[ 2017-12-26T16:27:48+08:00 ] ::1 ::1 GET /game.php/login/index.html
[ log ] localhost:8009/game.php/login/index.html [运行时间：0.055003s][吞吐率：18.18req/s] [内存消耗：2,986.15kb] [文件加载：65]
[ info ] [ LANG ] D:\Program Files\xampp\htdocs\thinkphp\lang\zh-cn.php
[ info ] [ BIND ] 'game'
[ info ] [ ROUTE ] array (
  'type' => 'module',
  'module' => 
  array (
    0 => 'game',
    1 => 'login',
    2 => 'index',
  ),
)
[ info ] [ HEADER ] array (
  'host' => 'localhost:8009',
  'connection' => 'keep-alive',
  'upgrade-insecure-requests' => '1',
  'user-agent' => 'Mozilla/5.0 (Windows NT 6.1; Win64; x64) AppleWebKit/537.36 (KHTML, like Gecko) Chrome/58.0.3029.110 Safari/537.36',
  'accept' => 'text/html,application/xhtml+xml,application/xml;q=0.9,image/webp,*/*;q=0.8',
  'accept-encoding' => 'gzip, deflate, sdch, br',
  'accept-language' => 'zh-CN,zh;q=0.8',
  'cookie' => 'optimizelyEndUserId=oeu1507513160103r0.4808130522693055; _ga=GA1.1.694123328.1505874937; PHPSESSID=n629hok0qe13asamsuiop95rp4',
)
[ info ] [ PARAM ] array (
)
[ info ] [ RUN ] app\game\controller\Login->index[ D:\Program Files\xampp\htdocs\application\game\controller\Login.php ]
[ info ] [ DB ] INIT mysql
[ info ] [ SESSION ] INIT array (
  'id' => '',
  'var_session_id' => '',
  'prefix' => 'think',
  'type' => '',
  'auto_start' => true,
)
[ info ] [ LOG ] INIT File
[ sql ] [ DB ] CONNECT:[ UseTime:0.001000s ] mysql:dbname=sq_douniu;host=127.0.0.1;port=3306;charset=utf8
[ sql ] [ SQL ] SHOW COLUMNS FROM `t_member` [ RunTime:0.011000s ]
[ sql ] [ SQL ] SELECT * FROM `t_member` WHERE  `openid` = 'otCRywzCVTcyGHUje2njshQUY23k' LIMIT 1 [ RunTime:0.001000s ]

---------------------------------------------------------------
[ 2017-12-26T16:27:48+08:00 ] ::1 ::1 GET /game.php/index/index.html
[ log ] localhost:8009/game.php/index/index.html [运行时间：0.030002s][吞吐率：33.33req/s] [内存消耗：1,882.88kb] [文件加载：56]
[ info ] [ LANG ] D:\Program Files\xampp\htdocs\thinkphp\lang\zh-cn.php
[ info ] [ BIND ] 'game'
[ info ] [ ROUTE ] array (
  'type' => 'module',
  'module' => 
  array (
    0 => 'game',
    1 => 'index',
    2 => 'index',
  ),
)
[ info ] [ HEADER ] array (
  'host' => 'localhost:8009',
  'connection' => 'keep-alive',
  'upgrade-insecure-requests' => '1',
  'user-agent' => 'Mozilla/5.0 (Windows NT 6.1; Win64; x64) AppleWebKit/537.36 (KHTML, like Gecko) Chrome/58.0.3029.110 Safari/537.36',
  'accept' => 'text/html,application/xhtml+xml,application/xml;q=0.9,image/webp,*/*;q=0.8',
  'accept-encoding' => 'gzip, deflate, sdch, br',
  'accept-language' => 'zh-CN,zh;q=0.8',
  'cookie' => 'optimizelyEndUserId=oeu1507513160103r0.4808130522693055; _ga=GA1.1.694123328.1505874937; PHPSESSID=n629hok0qe13asamsuiop95rp4',
)
[ info ] [ PARAM ] array (
)
[ info ] [ SESSION ] INIT array (
  'id' => '',
  'var_session_id' => '',
  'prefix' => 'think',
  'type' => '',
  'auto_start' => true,
)
[ info ] [ LOG ] INIT File

---------------------------------------------------------------
[ 2017-12-26T16:27:48+08:00 ] ::1 ::1 GET /game.php
[ log ] localhost:8009/game.php [运行时间：0.052002s][吞吐率：19.23req/s] [内存消耗：2,845.23kb] [文件加载：67]
[ info ] [ LANG ] D:\Program Files\xampp\htdocs\thinkphp\lang\zh-cn.php
[ info ] [ BIND ] 'game'
[ info ] [ ROUTE ] array (
  'type' => 'module',
  'module' => 
  array (
    0 => 'game',
    1 => NULL,
    2 => NULL,
  ),
)
[ info ] [ HEADER ] array (
  'host' => 'localhost:8009',
  'connection' => 'keep-alive',
  'upgrade-insecure-requests' => '1',
  'user-agent' => 'Mozilla/5.0 (Windows NT 6.1; Win64; x64) AppleWebKit/537.36 (KHTML, like Gecko) Chrome/58.0.3029.110 Safari/537.36',
  'accept' => 'text/html,application/xhtml+xml,application/xml;q=0.9,image/webp,*/*;q=0.8',
  'accept-encoding' => 'gzip, deflate, sdch, br',
  'accept-language' => 'zh-CN,zh;q=0.8',
  'cookie' => 'optimizelyEndUserId=oeu1507513160103r0.4808130522693055; _ga=GA1.1.694123328.1505874937; PHPSESSID=n629hok0qe13asamsuiop95rp4',
)
[ info ] [ PARAM ] array (
)
[ info ] [ SESSION ] INIT array (
  'id' => '',
  'var_session_id' => '',
  'prefix' => 'think',
  'type' => '',
  'auto_start' => true,
)
[ info ] [ DB ] INIT mysql
[ info ] [ RUN ] app\game\controller\Redirect->index[ D:\Program Files\xampp\htdocs\application\game\controller\Redirect.php ]
[ info ] [ VIEW ] D:\Program Files\xampp\htdocs/application/game\view/redirect/index.tpl [ array (
  0 => 'memberinfo',
  1 => 'code',
  2 => 'msg',
  3 => 'data',
  4 => 'url',
  5 => 'wait',
) ]
[ info ] [ LOG ] INIT File
[ sql ] [ DB ] CONNECT:[ UseTime:0.000000s ] mysql:dbname=sq_douniu;host=127.0.0.1;port=3306;charset=utf8
[ sql ] [ SQL ] SHOW COLUMNS FROM `t_member` [ RunTime:0.006000s ]
[ sql ] [ SQL ] SELECT * FROM `t_member` WHERE  `id` = 9 LIMIT 1 [ RunTime:0.001000s ]

---------------------------------------------------------------
[ 2017-12-26T16:27:54+08:00 ] ::1 ::1 GET /game.php/index/index.html
[ log ] localhost:8009/game.php/index/index.html [运行时间：0.085005s][吞吐率：11.76req/s] [内存消耗：2,892.78kb] [文件加载：66]
[ info ] [ LANG ] D:\Program Files\xampp\htdocs\thinkphp\lang\zh-cn.php
[ info ] [ BIND ] 'game'
[ info ] [ ROUTE ] array (
  'type' => 'module',
  'module' => 
  array (
    0 => 'game',
    1 => 'index',
    2 => 'index',
  ),
)
[ info ] [ HEADER ] array (
  'host' => 'localhost:8009',
  'connection' => 'keep-alive',
  'upgrade-insecure-requests' => '1',
  'user-agent' => 'Mozilla/5.0 (Linux; Android 5.0; SM-G900P Build/LRX21T) AppleWebKit/537.36 (KHTML, like Gecko) Chrome/58.0.3029.110 Mobile Safari/537.36',
  'accept' => 'text/html,application/xhtml+xml,application/xml;q=0.9,image/webp,*/*;q=0.8',
  'referer' => 'http://localhost:8009/game.php',
  'accept-encoding' => 'gzip, deflate, sdch, br',
  'accept-language' => 'zh-CN,zh;q=0.8',
  'cookie' => 'optimizelyEndUserId=oeu1507513160103r0.4808130522693055; _ga=GA1.1.694123328.1505874937; PHPSESSID=n629hok0qe13asamsuiop95rp4',
)
[ info ] [ PARAM ] array (
)
[ info ] [ SESSION ] INIT array (
  'id' => '',
  'var_session_id' => '',
  'prefix' => 'think',
  'type' => '',
  'auto_start' => true,
)
[ info ] [ DB ] INIT mysql
[ info ] [ RUN ] app\game\controller\Index->index[ D:\Program Files\xampp\htdocs\application\game\controller\Index.php ]
[ info ] [ VIEW ] D:\Program Files\xampp\htdocs/application/game\view\index\index.html [ array (
  0 => 'memberinfo',
) ]
[ info ] [ LOG ] INIT File
[ sql ] [ DB ] CONNECT:[ UseTime:0.001000s ] mysql:dbname=sq_douniu;host=127.0.0.1;port=3306;charset=utf8
[ sql ] [ SQL ] SHOW COLUMNS FROM `t_member` [ RunTime:0.013001s ]
[ sql ] [ SQL ] SELECT * FROM `t_member` WHERE  `id` = 9 LIMIT 1 [ RunTime:0.001000s ]

---------------------------------------------------------------
