[ 2017-12-29T09:40:39+08:00 ] ::1 ::1 GET /game.php
[ log ] localhost:8009/game.php [运行时间：0.056003s][吞吐率：17.86req/s] [内存消耗：1,945.41kb] [文件加载：57]
[ info ] [ LANG ] D:\Program Files\xampp\htdocs\thinkphp\lang\zh-cn.php
[ info ] [ BIND ] 'game'
[ info ] [ ROUTE ] array (
  'type' => 'module',
  'module' => 
  array (
    0 => 'game',
    1 => NULL,
    2 => NULL,
  ),
)
[ info ] [ HEADER ] array (
  'host' => 'localhost:8009',
  'connection' => 'keep-alive',
  'upgrade-insecure-requests' => '1',
  'user-agent' => 'Mozilla/5.0 (Windows NT 6.1; Win64; x64) AppleWebKit/537.36 (KHTML, like Gecko) Chrome/58.0.3029.110 Safari/537.36',
  'accept' => 'text/html,application/xhtml+xml,application/xml;q=0.9,image/webp,*/*;q=0.8',
  'accept-encoding' => 'gzip, deflate, sdch, br',
  'accept-language' => 'zh-CN,zh;q=0.8',
  'cookie' => 'optimizelyEndUserId=oeu1507513160103r0.4808130522693055; _ga=GA1.1.694123328.1505874937',
)
[ info ] [ PARAM ] array (
)
[ info ] [ SESSION ] INIT array (
  'id' => '',
  'var_session_id' => '',
  'prefix' => 'think',
  'type' => '',
  'auto_start' => true,
)
[ info ] [ LOG ] INIT File

---------------------------------------------------------------
[ 2017-12-29T09:40:39+08:00 ] ::1 ::1 GET /game.php/login/index.html
[ log ] localhost:8009/game.php/login/index.html [运行时间：0.060004s][吞吐率：16.67req/s] [内存消耗：2,986.15kb] [文件加载：65]
[ info ] [ LANG ] D:\Program Files\xampp\htdocs\thinkphp\lang\zh-cn.php
[ info ] [ BIND ] 'game'
[ info ] [ ROUTE ] array (
  'type' => 'module',
  'module' => 
  array (
    0 => 'game',
    1 => 'login',
    2 => 'index',
  ),
)
[ info ] [ HEADER ] array (
  'host' => 'localhost:8009',
  'connection' => 'keep-alive',
  'upgrade-insecure-requests' => '1',
  'user-agent' => 'Mozilla/5.0 (Windows NT 6.1; Win64; x64) AppleWebKit/537.36 (KHTML, like Gecko) Chrome/58.0.3029.110 Safari/537.36',
  'accept' => 'text/html,application/xhtml+xml,application/xml;q=0.9,image/webp,*/*;q=0.8',
  'accept-encoding' => 'gzip, deflate, sdch, br',
  'accept-language' => 'zh-CN,zh;q=0.8',
  'cookie' => 'optimizelyEndUserId=oeu1507513160103r0.4808130522693055; _ga=GA1.1.694123328.1505874937; PHPSESSID=ngber1qjkq2q4db2vobmt72h50',
)
[ info ] [ PARAM ] array (
)
[ info ] [ RUN ] app\game\controller\Login->index[ D:\Program Files\xampp\htdocs\application\game\controller\Login.php ]
[ info ] [ DB ] INIT mysql
[ info ] [ SESSION ] INIT array (
  'id' => '',
  'var_session_id' => '',
  'prefix' => 'think',
  'type' => '',
  'auto_start' => true,
)
[ info ] [ LOG ] INIT File
[ sql ] [ DB ] CONNECT:[ UseTime:0.001000s ] mysql:dbname=sq_douniu;host=127.0.0.1;port=3306;charset=utf8
[ sql ] [ SQL ] SHOW COLUMNS FROM `t_member` [ RunTime:0.013001s ]
[ sql ] [ SQL ] SELECT * FROM `t_member` WHERE  `openid` = 'otCRywzCVTcyGHUje2njshQUY23k' LIMIT 1 [ RunTime:0.001000s ]

---------------------------------------------------------------
[ 2017-12-29T09:40:39+08:00 ] ::1 ::1 GET /game.php/index/index.html
[ log ] localhost:8009/game.php/index/index.html [运行时间：0.026002s][吞吐率：38.46req/s] [内存消耗：1,882.88kb] [文件加载：56]
[ info ] [ LANG ] D:\Program Files\xampp\htdocs\thinkphp\lang\zh-cn.php
[ info ] [ BIND ] 'game'
[ info ] [ ROUTE ] array (
  'type' => 'module',
  'module' => 
  array (
    0 => 'game',
    1 => 'index',
    2 => 'index',
  ),
)
[ info ] [ HEADER ] array (
  'host' => 'localhost:8009',
  'connection' => 'keep-alive',
  'upgrade-insecure-requests' => '1',
  'user-agent' => 'Mozilla/5.0 (Windows NT 6.1; Win64; x64) AppleWebKit/537.36 (KHTML, like Gecko) Chrome/58.0.3029.110 Safari/537.36',
  'accept' => 'text/html,application/xhtml+xml,application/xml;q=0.9,image/webp,*/*;q=0.8',
  'accept-encoding' => 'gzip, deflate, sdch, br',
  'accept-language' => 'zh-CN,zh;q=0.8',
  'cookie' => 'optimizelyEndUserId=oeu1507513160103r0.4808130522693055; _ga=GA1.1.694123328.1505874937; PHPSESSID=ngber1qjkq2q4db2vobmt72h50',
)
[ info ] [ PARAM ] array (
)
[ info ] [ SESSION ] INIT array (
  'id' => '',
  'var_session_id' => '',
  'prefix' => 'think',
  'type' => '',
  'auto_start' => true,
)
[ info ] [ LOG ] INIT File

---------------------------------------------------------------
[ 2017-12-29T09:40:40+08:00 ] ::1 ::1 GET /game.php
[ log ] localhost:8009/game.php [运行时间：0.054003s][吞吐率：18.52req/s] [内存消耗：2,687.03kb] [文件加载：64]
[ info ] [ LANG ] D:\Program Files\xampp\htdocs\thinkphp\lang\zh-cn.php
[ info ] [ BIND ] 'game'
[ info ] [ ROUTE ] array (
  'type' => 'module',
  'module' => 
  array (
    0 => 'game',
    1 => NULL,
    2 => NULL,
  ),
)
[ info ] [ HEADER ] array (
  'host' => 'localhost:8009',
  'connection' => 'keep-alive',
  'upgrade-insecure-requests' => '1',
  'user-agent' => 'Mozilla/5.0 (Windows NT 6.1; Win64; x64) AppleWebKit/537.36 (KHTML, like Gecko) Chrome/58.0.3029.110 Safari/537.36',
  'accept' => 'text/html,application/xhtml+xml,application/xml;q=0.9,image/webp,*/*;q=0.8',
  'accept-encoding' => 'gzip, deflate, sdch, br',
  'accept-language' => 'zh-CN,zh;q=0.8',
  'cookie' => 'optimizelyEndUserId=oeu1507513160103r0.4808130522693055; _ga=GA1.1.694123328.1505874937; PHPSESSID=ngber1qjkq2q4db2vobmt72h50',
)
[ info ] [ PARAM ] array (
)
[ info ] [ SESSION ] INIT array (
  'id' => '',
  'var_session_id' => '',
  'prefix' => 'think',
  'type' => '',
  'auto_start' => true,
)
[ info ] [ DB ] INIT mysql
[ info ] [ RUN ] app\game\controller\Redirect->index[ D:\Program Files\xampp\htdocs\application\game\controller\Redirect.php ]
[ info ] [ VIEW ] D:\Program Files\xampp\htdocs/application/game\view/redirect/index.tpl [ array (
  0 => 'memberinfo',
  1 => 'code',
  2 => 'msg',
  3 => 'data',
  4 => 'url',
  5 => 'wait',
) ]
[ info ] [ LOG ] INIT File
[ sql ] [ DB ] CONNECT:[ UseTime:0.000000s ] mysql:dbname=sq_douniu;host=127.0.0.1;port=3306;charset=utf8
[ sql ] [ SQL ] SHOW COLUMNS FROM `t_member` [ RunTime:0.014001s ]
[ sql ] [ SQL ] SELECT * FROM `t_member` WHERE  `id` = 9 LIMIT 1 [ RunTime:0.001000s ]

---------------------------------------------------------------
[ 2017-12-29T09:40:45+08:00 ] ::1 ::1 GET /game.php/index/index.html
[ log ] localhost:8009/game.php/index/index.html [运行时间：0.084005s][吞吐率：11.90req/s] [内存消耗：2,694.24kb] [文件加载：63]
[ info ] [ LANG ] D:\Program Files\xampp\htdocs\thinkphp\lang\zh-cn.php
[ info ] [ BIND ] 'game'
[ info ] [ ROUTE ] array (
  'type' => 'module',
  'module' => 
  array (
    0 => 'game',
    1 => 'index',
    2 => 'index',
  ),
)
[ info ] [ HEADER ] array (
  'host' => 'localhost:8009',
  'connection' => 'keep-alive',
  'upgrade-insecure-requests' => '1',
  'user-agent' => 'Mozilla/5.0 (iPhone; CPU iPhone OS 9_1 like Mac OS X) AppleWebKit/601.1.46 (KHTML, like Gecko) Version/9.0 Mobile/13B143 Safari/601.1',
  'accept' => 'text/html,application/xhtml+xml,application/xml;q=0.9,image/webp,*/*;q=0.8',
  'referer' => 'http://localhost:8009/game.php',
  'accept-encoding' => 'gzip, deflate, sdch, br',
  'accept-language' => 'zh-CN,zh;q=0.8',
  'cookie' => 'optimizelyEndUserId=oeu1507513160103r0.4808130522693055; _ga=GA1.1.694123328.1505874937; PHPSESSID=ngber1qjkq2q4db2vobmt72h50',
)
[ info ] [ PARAM ] array (
)
[ info ] [ SESSION ] INIT array (
  'id' => '',
  'var_session_id' => '',
  'prefix' => 'think',
  'type' => '',
  'auto_start' => true,
)
[ info ] [ DB ] INIT mysql
[ info ] [ RUN ] app\game\controller\Index->index[ D:\Program Files\xampp\htdocs\application\game\controller\Index.php ]
[ info ] [ VIEW ] D:\Program Files\xampp\htdocs/application/game\view\index\index.html [ array (
  0 => 'memberinfo',
) ]
[ info ] [ LOG ] INIT File
[ sql ] [ DB ] CONNECT:[ UseTime:0.010001s ] mysql:dbname=sq_douniu;host=127.0.0.1;port=3306;charset=utf8
[ sql ] [ SQL ] SHOW COLUMNS FROM `t_member` [ RunTime:0.005000s ]
[ sql ] [ SQL ] SELECT * FROM `t_member` WHERE  `id` = 9 LIMIT 1 [ RunTime:0.001000s ]

---------------------------------------------------------------
[ 2017-12-29T10:05:40+08:00 ] ::1 ::1 POST /game.php/douniuplaywjy/roomcreate.html
[ log ] localhost:8009/game.php/douniuplaywjy/roomcreate.html [运行时间：0.112006s][吞吐率：8.93req/s] [内存消耗：3,349.67kb] [文件加载：71]
[ info ] [ LANG ] D:\Program Files\xampp\htdocs\thinkphp\lang\zh-cn.php
[ info ] [ BIND ] 'game'
[ info ] [ ROUTE ] array (
  'type' => 'module',
  'module' => 
  array (
    0 => 'game',
    1 => 'douniuplaywjy',
    2 => 'roomcreate',
  ),
)
[ info ] [ HEADER ] array (
  'host' => 'localhost:8009',
  'connection' => 'keep-alive',
  'content-length' => '40',
  'origin' => 'http://localhost:8009',
  'user-agent' => 'Mozilla/5.0 (iPhone; CPU iPhone OS 9_1 like Mac OS X) AppleWebKit/601.1.46 (KHTML, like Gecko) Version/9.0 Mobile/13B143 Safari/601.1',
  'content-type' => 'application/x-www-form-urlencoded; charset=UTF-8',
  'accept' => 'application/json, text/javascript, */*; q=0.01',
  'x-requested-with' => 'XMLHttpRequest',
  'referer' => 'http://localhost:8009/game.php/index/index.html',
  'accept-encoding' => 'gzip, deflate, br',
  'accept-language' => 'zh-CN,zh;q=0.8',
  'cookie' => 'optimizelyEndUserId=oeu1507513160103r0.4808130522693055; _ga=GA1.1.694123328.1505874937; PHPSESSID=ngber1qjkq2q4db2vobmt72h50',
)
[ info ] [ PARAM ] array (
  'gametype' => '1',
  'score' => '5',
  'rule' => '1',
  'gamenum' => '10:1',
)
[ info ] [ SESSION ] INIT array (
  'id' => '',
  'var_session_id' => '',
  'prefix' => 'think',
  'type' => '',
  'auto_start' => true,
)
[ info ] [ DB ] INIT mysql
[ info ] [ RUN ] app\game\controller\Douniuplaywjy->roomcreate[ D:\Program Files\xampp\htdocs\application\game\controller\Douniuplaywjy.php ]
[ info ] [ CACHE ] INIT File
[ info ] [ LOG ] INIT File
[ sql ] [ DB ] CONNECT:[ UseTime:0.010001s ] mysql:dbname=sq_douniu;host=127.0.0.1;port=3306;charset=utf8
[ sql ] [ SQL ] SHOW COLUMNS FROM `t_member` [ RunTime:0.014001s ]
[ sql ] [ SQL ] SELECT * FROM `t_member` WHERE  `id` = 9 LIMIT 1 [ RunTime:0.001000s ]
[ sql ] [ SQL ] SELECT `cards` FROM `t_member` WHERE  `id` = 9 LIMIT 1 [ RunTime:0.001000s ]
[ sql ] [ SQL ] SHOW COLUMNS FROM `t_room` [ RunTime:0.019001s ]
[ sql ] [ SQL ] SELECT * FROM `t_room` WHERE  `member_id` = 9 ORDER BY id desc LIMIT 1 [ RunTime:0.000000s ]
[ sql ] [ SQL ] INSERT INTO `t_room` (`member_id` , `open_time` , `rule` , `room_cards_num` , `playcount` , `room_num`) VALUES (9 , 1514513140 , 'a:5:{s:5:\"score\";s:1:\"5\";s:5:\"types\";a:0:{}s:4:\"rule\";s:1:\"1\";s:7:\"gamenum\";s:4:\"10:1\";s:8:\"gametype\";s:1:\"1\";}' , 0 , 1 , 'A91815') [ RunTime:0.001001s ]
[ sql ] [ SQL ] UPDATE `t_member`  SET `cards`=cards-1  WHERE  `id` = 9 [ RunTime:0.000000s ]
[ sql ] [ SQL ] SELECT `islock` FROM `t_room` WHERE  `id` = 98 LIMIT 1 [ RunTime:0.000000s ]
[ sql ] [ SQL ] SELECT COUNT(*) AS tp_count FROM `t_member` WHERE  `room_id` = 98 LIMIT 1 [ RunTime:0.001000s ]
[ sql ] [ SQL ] UPDATE `t_member`  SET `online`=1,`room_id`=98  WHERE  `id` = 9 [ RunTime:0.000000s ]

---------------------------------------------------------------
[ 2017-12-29T10:05:40+08:00 ] ::1 ::1 GET /game.php/redirect/jumptourl/jumpParamName/room_id/jumpToController/Douniuplaywjy/jumpToModel/index/jumpParamValue/98.html
[ log ] localhost:8009/game.php/redirect/jumptourl/jumpParamName/room_id/jumpToController/Douniuplaywjy/jumpToModel/index/jumpParamValue/98.html [运行时间：0.070004s][吞吐率：14.28req/s] [内存消耗：2,688.88kb] [文件加载：64]
[ info ] [ LANG ] D:\Program Files\xampp\htdocs\thinkphp\lang\zh-cn.php
[ info ] [ BIND ] 'game'
[ info ] [ ROUTE ] array (
  'type' => 'module',
  'module' => 
  array (
    0 => 'game',
    1 => 'redirect',
    2 => 'jumptourl',
  ),
)
[ info ] [ HEADER ] array (
  'host' => 'localhost:8009',
  'connection' => 'keep-alive',
  'upgrade-insecure-requests' => '1',
  'user-agent' => 'Mozilla/5.0 (iPhone; CPU iPhone OS 9_1 like Mac OS X) AppleWebKit/601.1.46 (KHTML, like Gecko) Version/9.0 Mobile/13B143 Safari/601.1',
  'accept' => 'text/html,application/xhtml+xml,application/xml;q=0.9,image/webp,*/*;q=0.8',
  'referer' => 'http://localhost:8009/game.php/index/index.html',
  'accept-encoding' => 'gzip, deflate, sdch, br',
  'accept-language' => 'zh-CN,zh;q=0.8',
  'cookie' => 'optimizelyEndUserId=oeu1507513160103r0.4808130522693055; _ga=GA1.1.694123328.1505874937; PHPSESSID=ngber1qjkq2q4db2vobmt72h50',
)
[ info ] [ PARAM ] array (
  'jumpParamName' => 'room_id',
  'jumpToController' => 'Douniuplaywjy',
  'jumpToModel' => 'index',
  'jumpParamValue' => '98',
)
[ info ] [ SESSION ] INIT array (
  'id' => '',
  'var_session_id' => '',
  'prefix' => 'think',
  'type' => '',
  'auto_start' => true,
)
[ info ] [ DB ] INIT mysql
[ info ] [ RUN ] app\game\controller\Redirect->jumpToUrl[ D:\Program Files\xampp\htdocs\application\game\controller\Redirect.php ]
[ info ] [ VIEW ] D:\Program Files\xampp\htdocs/application/game\view/redirect/index.tpl [ array (
  0 => 'memberinfo',
  1 => 'code',
  2 => 'msg',
  3 => 'data',
  4 => 'url',
  5 => 'wait',
) ]
[ info ] [ LOG ] INIT File
[ sql ] [ DB ] CONNECT:[ UseTime:0.010001s ] mysql:dbname=sq_douniu;host=127.0.0.1;port=3306;charset=utf8
[ sql ] [ SQL ] SHOW COLUMNS FROM `t_member` [ RunTime:0.013001s ]
[ sql ] [ SQL ] SELECT * FROM `t_member` WHERE  `id` = 9 LIMIT 1 [ RunTime:0.001000s ]

---------------------------------------------------------------
[ 2017-12-29T10:05:44+08:00 ] ::1 ::1 GET /game.php/douniuplaywjy/index/room_id/98.html
[ log ] localhost:8009/game.php/douniuplaywjy/index/room_id/98.html [运行时间：0.087005s][吞吐率：11.49req/s] [内存消耗：3,378.18kb] [文件加载：70]
[ info ] [ LANG ] D:\Program Files\xampp\htdocs\thinkphp\lang\zh-cn.php
[ info ] [ BIND ] 'game'
[ info ] [ ROUTE ] array (
  'type' => 'module',
  'module' => 
  array (
    0 => 'game',
    1 => 'douniuplaywjy',
    2 => 'index',
  ),
)
[ info ] [ HEADER ] array (
  'host' => 'localhost:8009',
  'connection' => 'keep-alive',
  'upgrade-insecure-requests' => '1',
  'user-agent' => 'Mozilla/5.0 (iPhone; CPU iPhone OS 9_1 like Mac OS X) AppleWebKit/601.1.46 (KHTML, like Gecko) Version/9.0 Mobile/13B143 Safari/601.1',
  'accept' => 'text/html,application/xhtml+xml,application/xml;q=0.9,image/webp,*/*;q=0.8',
  'referer' => 'http://localhost:8009/game.php/redirect/jumptourl/jumpParamName/room_id/jumpToController/Douniuplaywjy/jumpToModel/index/jumpParamValue/98.html',
  'accept-encoding' => 'gzip, deflate, sdch, br',
  'accept-language' => 'zh-CN,zh;q=0.8',
  'cookie' => 'optimizelyEndUserId=oeu1507513160103r0.4808130522693055; _ga=GA1.1.694123328.1505874937; PHPSESSID=ngber1qjkq2q4db2vobmt72h50',
)
[ info ] [ PARAM ] array (
  'room_id' => '98',
)
[ info ] [ SESSION ] INIT array (
  'id' => '',
  'var_session_id' => '',
  'prefix' => 'think',
  'type' => '',
  'auto_start' => true,
)
[ info ] [ DB ] INIT mysql
[ info ] [ RUN ] app\game\controller\Douniuplaywjy->index[ D:\Program Files\xampp\htdocs\application\game\controller\Douniuplaywjy.php ]
[ info ] [ CACHE ] INIT File
[ info ] [ VIEW ] D:\Program Files\xampp\htdocs/application/game\view\douniuplaywjy\index.html [ array (
  0 => 'memberinfo',
  1 => 'gamerule',
  2 => 'room',
  3 => 'rand',
) ]
[ info ] [ LOG ] INIT File
[ sql ] [ DB ] CONNECT:[ UseTime:0.001000s ] mysql:dbname=sq_douniu;host=127.0.0.1;port=3306;charset=utf8
[ sql ] [ SQL ] SHOW COLUMNS FROM `t_member` [ RunTime:0.006000s ]
[ sql ] [ SQL ] SELECT * FROM `t_member` WHERE  `id` = 9 LIMIT 1 [ RunTime:0.001000s ]
[ sql ] [ SQL ] SHOW COLUMNS FROM `t_room` [ RunTime:0.005000s ]
[ sql ] [ SQL ] SELECT `islock` FROM `t_room` WHERE  `id` = 98 LIMIT 1 [ RunTime:0.000000s ]
[ sql ] [ SQL ] SELECT COUNT(*) AS tp_count FROM `t_member` WHERE  `room_id` = 98 LIMIT 1 [ RunTime:0.001000s ]
[ sql ] [ SQL ] UPDATE `t_member`  SET `online`=1,`room_id`=98  WHERE  `id` = 9 [ RunTime:0.001000s ]
[ sql ] [ SQL ] SELECT * FROM `t_room` WHERE  `id` = 98 LIMIT 1 [ RunTime:0.000000s ]

---------------------------------------------------------------
[ 2017-12-29T10:07:25+08:00 ] ::1 ::1 POST /game.php/douniuplaywjy/gameready.html
[ log ] localhost:8009/game.php/douniuplaywjy/gameready.html [运行时间：1.294074s][吞吐率：0.77req/s] [内存消耗：3,337.38kb] [文件加载：71]
[ info ] [ LANG ] D:\Program Files\xampp\htdocs\thinkphp\lang\zh-cn.php
[ info ] [ BIND ] 'game'
[ info ] [ ROUTE ] array (
  'type' => 'module',
  'module' => 
  array (
    0 => 'game',
    1 => 'douniuplaywjy',
    2 => 'gameready',
  ),
)
[ info ] [ HEADER ] array (
  'host' => 'localhost:8009',
  'connection' => 'keep-alive',
  'content-length' => '11',
  'origin' => 'http://localhost:8009',
  'user-agent' => 'Mozilla/5.0 (iPhone; CPU iPhone OS 9_1 like Mac OS X) AppleWebKit/601.1.46 (KHTML, like Gecko) Version/9.0 Mobile/13B143 Safari/601.1',
  'content-type' => 'application/x-www-form-urlencoded; charset=UTF-8',
  'accept' => 'application/json, text/javascript, */*; q=0.01',
  'x-requested-with' => 'XMLHttpRequest',
  'referer' => 'http://localhost:8009/game.php/douniuplaywjy/index/room_id/98.html',
  'accept-encoding' => 'gzip, deflate, br',
  'accept-language' => 'zh-CN,zh;q=0.8',
  'cookie' => 'optimizelyEndUserId=oeu1507513160103r0.4808130522693055; _ga=GA1.1.694123328.1505874937; PHPSESSID=ngber1qjkq2q4db2vobmt72h50',
)
[ info ] [ PARAM ] array (
  'gameready' => '1',
)
[ info ] [ SESSION ] INIT array (
  'id' => '',
  'var_session_id' => '',
  'prefix' => 'think',
  'type' => '',
  'auto_start' => true,
)
[ info ] [ DB ] INIT mysql
[ info ] [ RUN ] app\game\controller\Douniuplaywjy->gameready[ D:\Program Files\xampp\htdocs\application\game\controller\Douniuplaywjy.php ]
[ info ] [ CACHE ] INIT File
[ info ] [ LOG ] INIT File
[ sql ] [ DB ] CONNECT:[ UseTime:0.001000s ] mysql:dbname=sq_douniu;host=127.0.0.1;port=3306;charset=utf8
[ sql ] [ SQL ] SHOW COLUMNS FROM `t_member` [ RunTime:0.004000s ]
[ sql ] [ SQL ] SELECT * FROM `t_member` WHERE  `id` = 9 LIMIT 1 [ RunTime:0.001000s ]
[ sql ] [ SQL ] SHOW COLUMNS FROM `t_room` [ RunTime:0.005001s ]
[ sql ] [ SQL ] SELECT `islock` FROM `t_room` WHERE  `id` = 98 LIMIT 1 [ RunTime:0.001000s ]
[ sql ] [ SQL ] UPDATE `t_member`  SET `gamestatus`=1  WHERE  `gamestatus` = 0  AND `id` = 9 [ RunTime:0.000000s ]
[ sql ] [ SQL ] SELECT * FROM `t_member` WHERE  `room_id` = 98 [ RunTime:0.000000s ]
[ sql ] [ SQL ] SELECT `starttime` FROM `t_room` WHERE  `id` = 98 LIMIT 1 [ RunTime:0.000000s ]
[ sql ] [ SQL ] UPDATE `t_member`  SET `gamestatus`=0  WHERE  `pai` = ''  AND `gamestatus` = 2 [ RunTime:0.000000s ]
[ sql ] [ SQL ] SELECT * FROM `t_room` WHERE  `id` = 98 LIMIT 1 [ RunTime:0.001000s ]
[ sql ] [ SQL ] SELECT * FROM `t_member` WHERE  `room_id` = 98 [ RunTime:0.001000s ]
[ sql ] [ SQL ] SELECT * FROM `t_room` WHERE  `id` = 98 LIMIT 1 [ RunTime:0.001000s ]
[ sql ] [ SQL ] SHOW COLUMNS FROM `t_moneydetailtemp` [ RunTime:0.013001s ]
[ sql ] [ SQL ] SELECT `member_id`,sum(num) as money FROM `t_moneydetailtemp` WHERE  `room_id` = 98 GROUP BY member_id [ RunTime:0.001000s ]
[ sql ] [ SQL ] SELECT * FROM `t_member` WHERE  `id` = 9  AND `room_id` > 0 LIMIT 1 [ RunTime:0.001000s ]
[ sql ] [ SQL ] SELECT * FROM `t_member` WHERE  `id` <> 9  AND `room_id` = 98 [ RunTime:0.001000s ]
[ sql ] [ SQL ] SELECT * FROM `t_room` WHERE  `id` = 98 LIMIT 1 [ RunTime:0.001000s ]
[ sql ] [ SQL ] SELECT * FROM `t_member` WHERE  `room_id` = 98 [ RunTime:0.000000s ]

---------------------------------------------------------------
[ 2017-12-29T10:18:52+08:00 ] ::1 ::1 GET /game.php
[ log ] localhost:8009/game.php [运行时间：0.036002s][吞吐率：27.78req/s] [内存消耗：1,945.34kb] [文件加载：57]
[ info ] [ LANG ] D:\Program Files\xampp\htdocs\thinkphp\lang\zh-cn.php
[ info ] [ BIND ] 'game'
[ info ] [ ROUTE ] array (
  'type' => 'module',
  'module' => 
  array (
    0 => 'game',
    1 => NULL,
    2 => NULL,
  ),
)
[ info ] [ HEADER ] array (
  'host' => 'localhost:8009',
  'connection' => 'keep-alive',
  'upgrade-insecure-requests' => '1',
  'user-agent' => 'Mozilla/5.0 (Windows NT 6.1; WOW64) AppleWebKit/537.36 (KHTML, like Gecko) Chrome/55.0.2883.87 Safari/537.36',
  'accept' => 'text/html,application/xhtml+xml,application/xml;q=0.9,image/webp,*/*;q=0.8',
  'accept-encoding' => 'gzip, deflate, sdch, br',
  'accept-language' => 'zh-CN,zh;q=0.8',
  'cookie' => '_ga=GA1.1.496905871.1505698562; __guid=111872281.2239386601242768400.1510039119430.6272',
)
[ info ] [ PARAM ] array (
)
[ info ] [ SESSION ] INIT array (
  'id' => '',
  'var_session_id' => '',
  'prefix' => 'think',
  'type' => '',
  'auto_start' => true,
)
[ info ] [ LOG ] INIT File

---------------------------------------------------------------
[ 2017-12-29T10:18:52+08:00 ] ::1 ::1 GET /game.php/login/index.html
[ log ] localhost:8009/game.php/login/index.html [运行时间：0.049003s][吞吐率：20.41req/s] [内存消耗：2,985.88kb] [文件加载：65]
[ info ] [ LANG ] D:\Program Files\xampp\htdocs\thinkphp\lang\zh-cn.php
[ info ] [ BIND ] 'game'
[ info ] [ ROUTE ] array (
  'type' => 'module',
  'module' => 
  array (
    0 => 'game',
    1 => 'login',
    2 => 'index',
  ),
)
[ info ] [ HEADER ] array (
  'host' => 'localhost:8009',
  'connection' => 'keep-alive',
  'upgrade-insecure-requests' => '1',
  'user-agent' => 'Mozilla/5.0 (Windows NT 6.1; WOW64) AppleWebKit/537.36 (KHTML, like Gecko) Chrome/55.0.2883.87 Safari/537.36',
  'accept' => 'text/html,application/xhtml+xml,application/xml;q=0.9,image/webp,*/*;q=0.8',
  'accept-encoding' => 'gzip, deflate, sdch, br',
  'accept-language' => 'zh-CN,zh;q=0.8',
  'cookie' => '_ga=GA1.1.496905871.1505698562; __guid=111872281.2239386601242768400.1510039119430.6272; PHPSESSID=m6unf4bvr80s6vbbrpq3oq23r2',
)
[ info ] [ PARAM ] array (
)
[ info ] [ RUN ] app\game\controller\Login->index[ D:\Program Files\xampp\htdocs\application\game\controller\Login.php ]
[ info ] [ DB ] INIT mysql
[ info ] [ SESSION ] INIT array (
  'id' => '',
  'var_session_id' => '',
  'prefix' => 'think',
  'type' => '',
  'auto_start' => true,
)
[ info ] [ LOG ] INIT File
[ sql ] [ DB ] CONNECT:[ UseTime:0.001000s ] mysql:dbname=sq_douniu;host=127.0.0.1;port=3306;charset=utf8
[ sql ] [ SQL ] SHOW COLUMNS FROM `t_member` [ RunTime:0.005001s ]
[ sql ] [ SQL ] SELECT * FROM `t_member` WHERE  `openid` = 'otCRyw8hvjqDlycwskJW0pXxahQw' LIMIT 1 [ RunTime:0.001000s ]

---------------------------------------------------------------
[ 2017-12-29T10:18:52+08:00 ] ::1 ::1 GET /game.php/index/index.html
[ log ] localhost:8009/game.php/index/index.html [运行时间：0.033001s][吞吐率：30.30req/s] [内存消耗：1,882.86kb] [文件加载：56]
[ info ] [ LANG ] D:\Program Files\xampp\htdocs\thinkphp\lang\zh-cn.php
[ info ] [ BIND ] 'game'
[ info ] [ ROUTE ] array (
  'type' => 'module',
  'module' => 
  array (
    0 => 'game',
    1 => 'index',
    2 => 'index',
  ),
)
[ info ] [ HEADER ] array (
  'host' => 'localhost:8009',
  'connection' => 'keep-alive',
  'upgrade-insecure-requests' => '1',
  'user-agent' => 'Mozilla/5.0 (Windows NT 6.1; WOW64) AppleWebKit/537.36 (KHTML, like Gecko) Chrome/55.0.2883.87 Safari/537.36',
  'accept' => 'text/html,application/xhtml+xml,application/xml;q=0.9,image/webp,*/*;q=0.8',
  'accept-encoding' => 'gzip, deflate, sdch, br',
  'accept-language' => 'zh-CN,zh;q=0.8',
  'cookie' => '_ga=GA1.1.496905871.1505698562; __guid=111872281.2239386601242768400.1510039119430.6272; PHPSESSID=m6unf4bvr80s6vbbrpq3oq23r2',
)
[ info ] [ PARAM ] array (
)
[ info ] [ SESSION ] INIT array (
  'id' => '',
  'var_session_id' => '',
  'prefix' => 'think',
  'type' => '',
  'auto_start' => true,
)
[ info ] [ LOG ] INIT File

---------------------------------------------------------------
[ 2017-12-29T10:18:52+08:00 ] ::1 ::1 GET /game.php
[ log ] localhost:8009/game.php [运行时间：0.048002s][吞吐率：20.83req/s] [内存消耗：2,687.03kb] [文件加载：64]
[ info ] [ LANG ] D:\Program Files\xampp\htdocs\thinkphp\lang\zh-cn.php
[ info ] [ BIND ] 'game'
[ info ] [ ROUTE ] array (
  'type' => 'module',
  'module' => 
  array (
    0 => 'game',
    1 => NULL,
    2 => NULL,
  ),
)
[ info ] [ HEADER ] array (
  'host' => 'localhost:8009',
  'connection' => 'keep-alive',
  'upgrade-insecure-requests' => '1',
  'user-agent' => 'Mozilla/5.0 (Windows NT 6.1; WOW64) AppleWebKit/537.36 (KHTML, like Gecko) Chrome/55.0.2883.87 Safari/537.36',
  'accept' => 'text/html,application/xhtml+xml,application/xml;q=0.9,image/webp,*/*;q=0.8',
  'accept-encoding' => 'gzip, deflate, sdch, br',
  'accept-language' => 'zh-CN,zh;q=0.8',
  'cookie' => '_ga=GA1.1.496905871.1505698562; __guid=111872281.2239386601242768400.1510039119430.6272; PHPSESSID=m6unf4bvr80s6vbbrpq3oq23r2',
)
[ info ] [ PARAM ] array (
)
[ info ] [ SESSION ] INIT array (
  'id' => '',
  'var_session_id' => '',
  'prefix' => 'think',
  'type' => '',
  'auto_start' => true,
)
[ info ] [ DB ] INIT mysql
[ info ] [ RUN ] app\game\controller\Redirect->index[ D:\Program Files\xampp\htdocs\application\game\controller\Redirect.php ]
[ info ] [ VIEW ] D:\Program Files\xampp\htdocs/application/game\view/redirect/index.tpl [ array (
  0 => 'memberinfo',
  1 => 'code',
  2 => 'msg',
  3 => 'data',
  4 => 'url',
  5 => 'wait',
) ]
[ info ] [ LOG ] INIT File
[ sql ] [ DB ] CONNECT:[ UseTime:0.001000s ] mysql:dbname=sq_douniu;host=127.0.0.1;port=3306;charset=utf8
[ sql ] [ SQL ] SHOW COLUMNS FROM `t_member` [ RunTime:0.007000s ]
[ sql ] [ SQL ] SELECT * FROM `t_member` WHERE  `id` = 15 LIMIT 1 [ RunTime:0.001000s ]

---------------------------------------------------------------
[ 2017-12-29T10:18:57+08:00 ] ::1 ::1 GET /game.php/index/index.html
[ log ] localhost:8009/game.php/index/index.html [运行时间：0.078004s][吞吐率：12.82req/s] [内存消耗：2,694.00kb] [文件加载：63]
[ info ] [ LANG ] D:\Program Files\xampp\htdocs\thinkphp\lang\zh-cn.php
[ info ] [ BIND ] 'game'
[ info ] [ ROUTE ] array (
  'type' => 'module',
  'module' => 
  array (
    0 => 'game',
    1 => 'index',
    2 => 'index',
  ),
)
[ info ] [ HEADER ] array (
  'host' => 'localhost:8009',
  'connection' => 'keep-alive',
  'upgrade-insecure-requests' => '1',
  'user-agent' => 'Mozilla/5.0 (Windows NT 6.1; WOW64) AppleWebKit/537.36 (KHTML, like Gecko) Chrome/55.0.2883.87 Safari/537.36',
  'accept' => 'text/html,application/xhtml+xml,application/xml;q=0.9,image/webp,*/*;q=0.8',
  'referer' => 'http://localhost:8009/game.php',
  'accept-encoding' => 'gzip, deflate, sdch, br',
  'accept-language' => 'zh-CN,zh;q=0.8',
  'cookie' => '_ga=GA1.1.496905871.1505698562; __guid=111872281.2239386601242768400.1510039119430.6272; PHPSESSID=m6unf4bvr80s6vbbrpq3oq23r2; monitor_count=1',
)
[ info ] [ PARAM ] array (
)
[ info ] [ SESSION ] INIT array (
  'id' => '',
  'var_session_id' => '',
  'prefix' => 'think',
  'type' => '',
  'auto_start' => true,
)
[ info ] [ DB ] INIT mysql
[ info ] [ RUN ] app\game\controller\Index->index[ D:\Program Files\xampp\htdocs\application\game\controller\Index.php ]
[ info ] [ VIEW ] D:\Program Files\xampp\htdocs/application/game\view\index\index.html [ array (
  0 => 'memberinfo',
) ]
[ info ] [ LOG ] INIT File
[ sql ] [ DB ] CONNECT:[ UseTime:0.011001s ] mysql:dbname=sq_douniu;host=127.0.0.1;port=3306;charset=utf8
[ sql ] [ SQL ] SHOW COLUMNS FROM `t_member` [ RunTime:0.011001s ]
[ sql ] [ SQL ] SELECT * FROM `t_member` WHERE  `id` = 15 LIMIT 1 [ RunTime:0.000000s ]

---------------------------------------------------------------
